#
# An unexpected error has been detected by Java Runtime Environment:
#
#  Internal Error (434C41535326494C453041525345520E4350500B65), pid=5528, tid=4564
#
# Java VM: Java HotSpot(TM) Client VM (1.6.0_03-b05 mixed mode)
# If you would like to submit a bug report, please visit:
#   http://java.sun.com/webapps/bugreport/crash.jsp
#

---------------  T H R E A D  ---------------

Current thread (0x003a6c00):  JavaThread "Unknown thread" [_thread_in_vm, id=4564]

Stack: [0x008c0000,0x00910000)
[error occurred during error reporting, step 110, id 0xc00000fd]

Native frames: (J=compiled Java code, j=interpreted, Vv=VM code, C=native code)
C  [javaw.exe+0xc4fc]
C  [javaw.exe+0x81b5]
C  [kernel32.dll+0xb729]


---------------  P R O C E S S  ---------------

Java Threads: ( => current thread )

Other Threads:

VM state:not at safepoint (not fully initilizated)

VM Mutex/Monitor currently owned by a thread: None

Heap
 def new generation   total 960K, used 0K [0x02990000, 0x02a90000, 0x02e70000)
  eden space 896K,   0% used [0x02990000, 0x02990000, 0x02a70000)
  from space 64K,   0% used [0x02a70000, 0x02a70000, 0x02a80000)
  to   space 64K,   0% used [0x02a80000, 0x02a80000, 0x02a90000)
 tenured generation   total 4096K, used 0K [0x02e70000, 0x03270000, 0x06990000)
   the space 4096K,   0% used [0x02e70000, 0x02e70000, 0x02e70200, 0x03270000)
 compacting perm gen  total 12288K, used 100K [0x06990000, 0x07590000, 0x0a990000)
   the space 12288K,   0% used [0x06990000, 0x069a93a8, 0x069a9400, 0x07590000)
No shared spaces configured.

Dynamic libraries:
0x00400000 - 0x00423000 	D:\TP\Tech\eclipse\jre\bin\javaw.exe
0x7c900000 - 0x7c9b2000 	C:\WINDOWS\system32\ntdll.dll
0x7c800000 - 0x7c8f6000 	C:\WINDOWS\system32\kernel32.dll
0x77dd0000 - 0x77e6b000 	C:\WINDOWS\system32\ADVAPI32.dll
0x77e70000 - 0x77f03000 	C:\WINDOWS\system32\RPCRT4.dll
0x77fe0000 - 0x77ff1000 	C:\WINDOWS\system32\Secur32.dll
0x7e410000 - 0x7e4a1000 	C:\WINDOWS\system32\USER32.dll
0x77f10000 - 0x77f59000 	C:\WINDOWS\system32\GDI32.dll
0x76390000 - 0x763ad000 	C:\WINDOWS\system32\IMM32.DLL
0x629c0000 - 0x629c9000 	C:\WINDOWS\system32\LPK.DLL
0x74d90000 - 0x74dfb000 	C:\WINDOWS\system32\USP10.dll
0x7c340000 - 0x7c396000 	D:\TP\Tech\eclipse\jre\bin\msvcr71.dll
0x6d7c0000 - 0x6da0a000 	D:\TP\Tech\eclipse\jre\bin\client\jvm.dll
0x76b40000 - 0x76b6d000 	C:\WINDOWS\system32\WINMM.dll
0x6d310000 - 0x6d318000 	D:\TP\Tech\eclipse\jre\bin\hpi.dll
0x76bf0000 - 0x76bfb000 	C:\WINDOWS\system32\PSAPI.DLL
0x6d770000 - 0x6d77c000 	D:\TP\Tech\eclipse\jre\bin\verify.dll
0x6d3b0000 - 0x6d3cf000 	D:\TP\Tech\eclipse\jre\bin\java.dll
0x6d7b0000 - 0x6d7bf000 	D:\TP\Tech\eclipse\jre\bin\zip.dll

VM Arguments:
jvm_args: -Dfile.encoding=Cp1252 -Xbootclasspath:C:\Program Files\Android\android-sdk\platforms\android-17\android.jar
java_command: com.example.tictactoe.MainActivity
Launcher Type: SUN_STANDARD

Environment Variables:
JAVA_HOME=C:\Program Files\Java\jdk1.6.0_03
PATH=D:/TP/Tech/eclipse/jre/bin/client;D:/TP/Tech/eclipse/jre/bin;D:/TP/Tech/eclipse/jre/lib/i386;C:\Program Files\Arcot Systems\plugins\protocols;C:\Program Files\Arcot Systems\plugins\mechanisms;C:\Program Files\Arcot Systems\plugins\framework;C:\Program Files\Arcot Systems\bin;C:\Program Files\Arcot Systems\lib;C:\oraclexe\app\oracle\product\10.2.0\server\bin;C:\Program Files\CA\SC\CAWIN\;C:\PROGRA~1\CA\SHARED~1\\lib;C:\WINDOWS\system32;C:\WINDOWS;C:\WINDOWS\System32\Wbem;C:\Program Files\Visual Networks\Dial Analysis\;C:\WINDOWS\system32\WindowsPowerShell\v1.0;C:\WINDOWS\system32\WindowsPowerShell\v1.0;C:\Program Files\Common Files\Roxio Shared\DLLShared\;C:\Program Files\Intel\DMIX;C:\Program Files\CA\SC\Csam\SockAdapter\\bin;C:\Program Files\CA\DSM\bin;C:\PROGRA~1\CA\SC\CAM\bin;D:\CA\apache-ant-1.8.2\bin;D:\CA\apache-maven-2.2.1\bin;C:\Program Files\Java\jdk1.6.0_03\bin;C:\Program Files\Java\jre1.6.0_03\bin;C:\Program Files\MySQL\MySQL Server 5.5\bin;C:\Python27;C:\Python27\Scripts;C:\Program Files\nodejs\;C:\Program Files\CVSNT\;C:\Documents and Settings\jaivi03\Application Data\npm\;D:\TP\Tech\eclipse;
USERNAME=jaivi03
OS=Windows_NT
PROCESSOR_IDENTIFIER=x86 Family 6 Model 42 Stepping 7, GenuineIntel



---------------  S Y S T E M  ---------------

OS: Windows XP Build 2600 Service Pack 3

CPU:total 4 (8 cores per cpu, 2 threads per core) family 6 model 10 stepping 7, cmov, cx8, fxsr, mmx, sse, sse2, sse3, ssse3, ht

Memory: 4k page, physical 2097151k(1526872k free), swap 4194303k(2767676k free)

vm_info: Java HotSpot(TM) Client VM (1.6.0_03-b05) for windows-x86, built on Sep 24 2007 22:24:33 by "java_re" with unknown MS VC++:1310

